20:36:10.117 [DEBUG] [org.gradle.launcher.daemon.bootstrap.DaemonMain] Assuming the daemon was started with following jvm opts: [-XX:+HeapDumpOnOutOfMemoryError, -Xmx1024m, -Dfile.encoding=UTF-8, -Duser.country, -Duser.language=en, -Duser.variant]
20:36:10.662 [INFO] [org.gradle.launcher.daemon.server.Daemon] start() called on daemon - DefaultDaemonContext[uid=cfea3166-2069-461e-ae63-95b13f49429c,javaHome=/opt/jdk1.8.0_162,daemonRegistryDir=/users-api/cache/daemon,pid=33,idleTimeout=10800000,daemonOpts=-XX:+HeapDumpOnOutOfMemoryError,-Xmx1024m,-Dfile.encoding=UTF-8,-Duser.country,-Duser.language=en,-Duser.variant]
20:36:10.756 [DEBUG] [org.gradle.internal.remote.internal.inet.InetAddresses] Adding IP addresses for network interface eth0
20:36:10.760 [DEBUG] [org.gradle.internal.remote.internal.inet.InetAddresses] Is this a loopback interface? false
20:36:10.763 [DEBUG] [org.gradle.internal.remote.internal.inet.InetAddresses] Is this a multicast interface? true
20:36:10.768 [DEBUG] [org.gradle.internal.remote.internal.inet.InetAddresses] Adding remote address /172.22.0.4
20:36:10.771 [DEBUG] [org.gradle.internal.remote.internal.inet.InetAddresses] Adding remote multicast interface eth0
20:36:10.775 [DEBUG] [org.gradle.internal.remote.internal.inet.InetAddresses] Adding IP addresses for network interface lo
20:36:10.778 [DEBUG] [org.gradle.internal.remote.internal.inet.InetAddresses] Is this a loopback interface? true
20:36:10.781 [DEBUG] [org.gradle.internal.remote.internal.inet.InetAddresses] Is this a multicast interface? false
20:36:10.787 [DEBUG] [org.gradle.internal.remote.internal.inet.InetAddresses] Adding loopback address /127.0.0.1
20:36:10.796 [DEBUG] [org.gradle.internal.remote.internal.inet.TcpIncomingConnector] Listening on [33322456-e645-4573-91ba-3304bf079a0a port:46195, addresses:[/127.0.0.1]].
20:36:10.805 [DEBUG] [org.gradle.launcher.daemon.server.Daemon] Daemon starting at: Thu Mar 22 20:36:10 GMT 2018, with address: [33322456-e645-4573-91ba-3304bf079a0a port:46195, addresses:[/127.0.0.1]]
20:36:10.814 [INFO] [org.gradle.launcher.daemon.server.DaemonRegistryUpdater] Advertising the daemon address to the clients: [33322456-e645-4573-91ba-3304bf079a0a port:46195, addresses:[/127.0.0.1]]
20:36:10.818 [DEBUG] [org.gradle.launcher.daemon.server.DaemonRegistryUpdater] Advertised daemon context: DefaultDaemonContext[uid=cfea3166-2069-461e-ae63-95b13f49429c,javaHome=/opt/jdk1.8.0_162,daemonRegistryDir=/users-api/cache/daemon,pid=33,idleTimeout=10800000,daemonOpts=-XX:+HeapDumpOnOutOfMemoryError,-Xmx1024m,-Dfile.encoding=UTF-8,-Duser.country,-Duser.language=en,-Duser.variant]
20:36:10.822 [DEBUG] [org.gradle.launcher.daemon.registry.PersistentDaemonRegistry] Storing daemon address: [33322456-e645-4573-91ba-3304bf079a0a port:46195, addresses:[/127.0.0.1]], context: DefaultDaemonContext[uid=cfea3166-2069-461e-ae63-95b13f49429c,javaHome=/opt/jdk1.8.0_162,daemonRegistryDir=/users-api/cache/daemon,pid=33,idleTimeout=10800000,daemonOpts=-XX:+HeapDumpOnOutOfMemoryError,-Xmx1024m,-Dfile.encoding=UTF-8,-Duser.country,-Duser.language=en,-Duser.variant]
20:36:10.908 [DEBUG] [org.gradle.cache.internal.DefaultFileLockManager] Waiting to acquire exclusive lock on daemon addresses registry.
20:36:10.934 [DEBUG] [org.gradle.cache.internal.DefaultFileLockManager] Lock acquired on daemon addresses registry.
20:36:10.953 [DEBUG] [org.gradle.cache.internal.DefaultFileLockManager] Releasing lock on daemon addresses registry.
20:36:10.960 [LIFECYCLE] [org.gradle.launcher.daemon.server.Daemon] Daemon server started.
20:36:10.965 [DEBUG] [org.gradle.launcher.daemon.bootstrap.DaemonStartupCommunication] Completed writing the daemon greeting. Closing streams...
20:36:11.015 [DEBUG] [org.gradle.launcher.daemon.server.Daemon] stopOnExpiration() called on daemon
20:36:11.032 [DEBUG] [org.gradle.launcher.daemon.server.Daemon] awaitExpiration() called on daemon
20:36:11.038 [DEBUG] [org.gradle.launcher.daemon.server.DaemonStateCoordinator] daemon is running. Sleeping until state changes.
20:36:11.048 [DEBUG] [org.gradle.internal.remote.internal.inet.TcpIncomingConnector] Accepted connection from /127.0.0.1:43878 to /127.0.0.1:46195.
20:36:11.807 [DEBUG] [org.gradle.launcher.daemon.server.SynchronizedDispatchConnection] thread 14: received class org.gradle.launcher.daemon.protocol.Build
20:36:11.811 [DEBUG] [org.gradle.launcher.daemon.server.DefaultDaemonConnection] thread 14: Received non-IO message from client: Build{id=eb5f869e-c22a-4096-b9ab-7cdf975420bb.1, currentDir=/users-api}
20:36:11.831 [INFO] [org.gradle.launcher.daemon.server.DefaultIncomingConnectionHandler] Received command: Build{id=eb5f869e-c22a-4096-b9ab-7cdf975420bb.1, currentDir=/users-api}.
20:36:11.841 [DEBUG] [org.gradle.launcher.daemon.server.DefaultIncomingConnectionHandler] Starting executing command: Build{id=eb5f869e-c22a-4096-b9ab-7cdf975420bb.1, currentDir=/users-api} with connection: socket connection from /127.0.0.1:46195 to /127.0.0.1:43878.
20:36:11.870 [ERROR] [org.gradle.launcher.daemon.server.DaemonStateCoordinator] Command execution: started DaemonCommandExecution[command = Build{id=eb5f869e-c22a-4096-b9ab-7cdf975420bb.1, currentDir=/users-api}, connection = DefaultDaemonConnection: socket connection from /127.0.0.1:46195 to /127.0.0.1:43878] after 0.0 minutes of idle
20:36:11.876 [INFO] [org.gradle.launcher.daemon.server.DaemonRegistryUpdater] Marking the daemon as busy, address: [33322456-e645-4573-91ba-3304bf079a0a port:46195, addresses:[/127.0.0.1]]
20:36:11.885 [DEBUG] [org.gradle.launcher.daemon.registry.PersistentDaemonRegistry] Marking busy by address: [33322456-e645-4573-91ba-3304bf079a0a port:46195, addresses:[/127.0.0.1]]
20:36:11.905 [DEBUG] [org.gradle.cache.internal.DefaultFileLockManager] Waiting to acquire exclusive lock on daemon addresses registry.
20:36:11.910 [DEBUG] [org.gradle.cache.internal.DefaultFileLockManager] Lock acquired on daemon addresses registry.
20:36:11.922 [DEBUG] [org.gradle.cache.internal.DefaultFileLockManager] Releasing lock on daemon addresses registry.
20:36:11.927 [DEBUG] [org.gradle.launcher.daemon.server.DaemonStateCoordinator] resetting idle timer
20:36:11.930 [DEBUG] [org.gradle.launcher.daemon.server.DaemonStateCoordinator] daemon is running. Sleeping until state changes.
20:36:11.931 [INFO] [org.gradle.launcher.daemon.server.exec.StartBuildOrRespondWithBusy] Daemon is about to start building Build{id=eb5f869e-c22a-4096-b9ab-7cdf975420bb.1, currentDir=/users-api}. Dispatching build started information...
20:36:11.962 [DEBUG] [org.gradle.launcher.daemon.server.SynchronizedDispatchConnection] thread 16: dispatching class org.gradle.launcher.daemon.protocol.BuildStarted
20:36:11.979 [DEBUG] [org.gradle.launcher.daemon.server.exec.EstablishBuildEnvironment] Configuring env variables: {PATH=/usr/local/sbin:/usr/local/bin:/usr/sbin:/usr/bin:/sbin:/bin:/opt/jdk/bin, JAVA_JCE=unlimited, SPRING_PROFILES_ACTIVE=dev, JAVA_HOME=/opt/jdk, OLDPWD=/users-api, GLIBC_VERSION=2.26-r0, LANG=C.UTF-8, JAVA_VERSION_MAJOR=8, GRADLE_USER_HOME=cache, HOSTNAME=66988f760946, GLIBC_REPO=https://github.com/sgerrand/alpine-pkg-glibc, JAVA_VERSION_MINOR=162, PWD=/users-api, JAVA_PACKAGE=jdk, JAVA_VERSION_BUILD=12, HOME=/root, SHLVL=1}
20:36:12.030 [DEBUG] [org.gradle.launcher.daemon.server.exec.LogToClient] About to start relaying all logs to the client via the connection.
20:36:12.039 [INFO] [org.gradle.launcher.daemon.server.exec.LogToClient] The client will now receive all logging from the daemon (pid: 33). The daemon log file: /users-api/cache/daemon/4.5.1/daemon-33.out.log
20:36:12.047 [INFO] [org.gradle.launcher.daemon.server.exec.LogAndCheckHealth] Starting build in new daemon [memory: 954.7 MB]
20:36:12.073 [DEBUG] [org.gradle.launcher.daemon.server.exec.ExecuteBuild] The daemon has started executing the build.
20:36:12.078 [DEBUG] [org.gradle.launcher.daemon.server.SynchronizedDispatchConnection] thread 14: received class org.gradle.launcher.daemon.protocol.CloseInput
20:36:12.087 [DEBUG] [org.gradle.launcher.daemon.server.DefaultDaemonConnection] thread 14: Received IO message from client: org.gradle.launcher.daemon.protocol.CloseInput@16d1d5d5
20:36:12.082 [DEBUG] [org.gradle.launcher.daemon.server.exec.ExecuteBuild] Executing build with daemon context: DefaultDaemonContext[uid=cfea3166-2069-461e-ae63-95b13f49429c,javaHome=/opt/jdk1.8.0_162,daemonRegistryDir=/users-api/cache/daemon,pid=33,idleTimeout=10800000,daemonOpts=-XX:+HeapDumpOnOutOfMemoryError,-Xmx1024m,-Dfile.encoding=UTF-8,-Duser.country,-Duser.language=en,-Duser.variant]
20:36:12.091 [INFO] [org.gradle.launcher.daemon.server.exec.ForwardClientInput] Closing daemon's stdin at end of input.
20:36:12.114 [INFO] [org.gradle.launcher.daemon.server.exec.ForwardClientInput] The daemon will no longer process any standard input.
Download https://repo.maven.apache.org/maven2/org/springframework/boot/spring-boot-gradle-plugin/2.0.0.RELEASE/spring-boot-gradle-plugin-2.0.0.RELEASE.pom
Download https://repo.maven.apache.org/maven2/org/springframework/boot/spring-boot-tools/2.0.0.RELEASE/spring-boot-tools-2.0.0.RELEASE.pom
Download https://repo.maven.apache.org/maven2/org/springframework/boot/spring-boot-parent/2.0.0.RELEASE/spring-boot-parent-2.0.0.RELEASE.pom
Download https://repo.maven.apache.org/maven2/org/springframework/boot/spring-boot-dependencies/2.0.0.RELEASE/spring-boot-dependencies-2.0.0.RELEASE.pom
Download https://repo.maven.apache.org/maven2/com/fasterxml/jackson/jackson-bom/2.9.4/jackson-bom-2.9.4.pom
Download https://repo.maven.apache.org/maven2/com/fasterxml/jackson/jackson-parent/2.9.1/jackson-parent-2.9.1.pom
Download https://repo.maven.apache.org/maven2/com/fasterxml/oss-parent/30/oss-parent-30.pom
Download https://repo.maven.apache.org/maven2/io/netty/netty-bom/4.1.22.Final/netty-bom-4.1.22.Final.pom
Download https://repo.maven.apache.org/maven2/org/sonatype/oss/oss-parent/7/oss-parent-7.pom
Download https://repo.maven.apache.org/maven2/io/projectreactor/reactor-bom/Bismuth-SR7/reactor-bom-Bismuth-SR7.pom
Download https://repo.maven.apache.org/maven2/org/apache/logging/log4j/log4j-bom/2.10.0/log4j-bom-2.10.0.pom
Download https://repo.maven.apache.org/maven2/org/apache/logging/logging-parent/1/logging-parent-1.pom
Download https://repo.maven.apache.org/maven2/org/apache/apache/18/apache-18.pom
Download https://repo.maven.apache.org/maven2/org/eclipse/jetty/jetty-bom/9.4.8.v20171121/jetty-bom-9.4.8.v20171121.pom
Download https://repo.maven.apache.org/maven2/org/springframework/spring-framework-bom/5.0.4.RELEASE/spring-framework-bom-5.0.4.RELEASE.pom
Download https://repo.maven.apache.org/maven2/org/springframework/data/spring-data-releasetrain/Kay-SR5/spring-data-releasetrain-Kay-SR5.pom
Download https://repo.maven.apache.org/maven2/org/springframework/data/build/spring-data-build/2.0.5.RELEASE/spring-data-build-2.0.5.RELEASE.pom
Download https://repo.maven.apache.org/maven2/org/springframework/integration/spring-integration-bom/5.0.3.RELEASE/spring-integration-bom-5.0.3.RELEASE.pom
Download https://repo.maven.apache.org/maven2/org/springframework/security/spring-security-bom/5.0.3.RELEASE/spring-security-bom-5.0.3.RELEASE.pom
Download https://repo.maven.apache.org/maven2/org/springframework/session/spring-session-bom/Apple-SR1/spring-session-bom-Apple-SR1.pom
Download https://repo.maven.apache.org/maven2/org/springframework/boot/spring-boot-loader-tools/2.0.0.RELEASE/spring-boot-loader-tools-2.0.0.RELEASE.pom
Download https://repo.maven.apache.org/maven2/io/spring/gradle/dependency-management-plugin/1.0.4.RELEASE/dependency-management-plugin-1.0.4.RELEASE.pom
Download https://repo.maven.apache.org/maven2/org/apache/commons/commons-compress/1.14/commons-compress-1.14.pom
Download https://repo.maven.apache.org/maven2/org/apache/commons/commons-parent/42/commons-parent-42.pom
Download https://repo.maven.apache.org/maven2/org/springframework/spring-core/5.0.4.RELEASE/spring-core-5.0.4.RELEASE.pom
Download https://repo.maven.apache.org/maven2/io/projectreactor/reactor-bom/Bismuth-SR6/reactor-bom-Bismuth-SR6.pom
Download https://repo.maven.apache.org/maven2/io/netty/netty-bom/4.1.21.Final/netty-bom-4.1.21.Final.pom
Download https://repo.maven.apache.org/maven2/org/springframework/spring-jcl/5.0.4.RELEASE/spring-jcl-5.0.4.RELEASE.pom
Download https://repo.maven.apache.org/maven2/org/springframework/boot/spring-boot-loader-tools/2.0.0.RELEASE/spring-boot-loader-tools-2.0.0.RELEASE.jar
Download https://repo.maven.apache.org/maven2/org/springframework/boot/spring-boot-gradle-plugin/2.0.0.RELEASE/spring-boot-gradle-plugin-2.0.0.RELEASE.jar
Download https://repo.maven.apache.org/maven2/org/apache/commons/commons-compress/1.14/commons-compress-1.14.jar
Download https://repo.maven.apache.org/maven2/org/springframework/spring-core/5.0.4.RELEASE/spring-core-5.0.4.RELEASE.jar
Download https://repo.maven.apache.org/maven2/org/springframework/spring-jcl/5.0.4.RELEASE/spring-jcl-5.0.4.RELEASE.jar
Download https://repo.maven.apache.org/maven2/io/spring/gradle/dependency-management-plugin/1.0.4.RELEASE/dependency-management-plugin-1.0.4.RELEASE.jar
:compileJava
Download https://repo.maven.apache.org/maven2/org/springframework/cloud/spring-cloud-netflix/1.4.0.RELEASE/spring-cloud-netflix-1.4.0.RELEASE.pom
Download https://repo.maven.apache.org/maven2/org/springframework/cloud/spring-cloud-build/1.3.6.RELEASE/spring-cloud-build-1.3.6.RELEASE.pom
Download https://repo.maven.apache.org/maven2/org/springframework/cloud/spring-cloud-build-dependencies/1.3.6.RELEASE/spring-cloud-build-dependencies-1.3.6.RELEASE.pom
Download https://repo.maven.apache.org/maven2/org/springframework/boot/spring-boot-dependencies/1.5.8.RELEASE/spring-boot-dependencies-1.5.8.RELEASE.pom
Download https://repo.maven.apache.org/maven2/com/fasterxml/jackson/jackson-bom/2.8.10/jackson-bom-2.8.10.pom
Download https://repo.maven.apache.org/maven2/com/fasterxml/jackson/jackson-parent/2.8/jackson-parent-2.8.pom
Download https://repo.maven.apache.org/maven2/com/fasterxml/oss-parent/27/oss-parent-27.pom
Download https://repo.maven.apache.org/maven2/org/apache/logging/log4j/log4j-bom/2.7/log4j-bom-2.7.pom
Download https://repo.maven.apache.org/maven2/org/apache/apache/9/apache-9.pom
Download https://repo.maven.apache.org/maven2/org/springframework/spring-framework-bom/4.3.12.RELEASE/spring-framework-bom-4.3.12.RELEASE.pom
Download https://repo.maven.apache.org/maven2/org/springframework/data/spring-data-releasetrain/Ingalls-SR8/spring-data-releasetrain-Ingalls-SR8.pom
Download https://repo.maven.apache.org/maven2/org/springframework/data/build/spring-data-build/1.9.8.RELEASE/spring-data-build-1.9.8.RELEASE.pom
Download https://repo.maven.apache.org/maven2/org/springframework/integration/spring-integration-bom/4.3.12.RELEASE/spring-integration-bom-4.3.12.RELEASE.pom
Download https://repo.maven.apache.org/maven2/org/springframework/security/spring-security-bom/4.2.3.RELEASE/spring-security-bom-4.2.3.RELEASE.pom
Download https://repo.maven.apache.org/maven2/org/springframework/cloud/spring-cloud-netflix-dependencies/1.4.0.RELEASE/spring-cloud-netflix-dependencies-1.4.0.RELEASE.pom
Download https://repo.maven.apache.org/maven2/org/springframework/cloud/spring-cloud-dependencies-parent/1.3.6.RELEASE/spring-cloud-dependencies-parent-1.3.6.RELEASE.pom
Download https://repo.maven.apache.org/maven2/org/springframework/cloud/spring-cloud-commons-dependencies/1.3.0.RELEASE/spring-cloud-commons-dependencies-1.3.0.RELEASE.pom
Download https://repo.maven.apache.org/maven2/org/springframework/cloud/spring-cloud-config-dependencies/1.4.0.RELEASE/spring-cloud-config-dependencies-1.4.0.RELEASE.pom
Download https://repo.maven.apache.org/maven2/org/springframework/cloud/spring-cloud-stream-dependencies/Ditmars.RELEASE/spring-cloud-stream-dependencies-Ditmars.RELEASE.pom
Download https://repo.maven.apache.org/maven2/org/springframework/cloud/spring-cloud-dependencies-parent/1.3.5.RELEASE/spring-cloud-dependencies-parent-1.3.5.RELEASE.pom
Download https://repo.maven.apache.org/maven2/org/springframework/cloud/spring-cloud-contract-dependencies/1.1.2.RELEASE/spring-cloud-contract-dependencies-1.1.2.RELEASE.pom
Download https://repo.maven.apache.org/maven2/org/springframework/cloud/spring-cloud-dependencies-parent/1.3.3.RELEASE/spring-cloud-dependencies-parent-1.3.3.RELEASE.pom
Download https://repo.maven.apache.org/maven2/org/springframework/cloud/spring-cloud-starter-eureka/1.4.0.RELEASE/spring-cloud-starter-eureka-1.4.0.RELEASE.pom
Download https://repo.maven.apache.org/maven2/org/springframework/boot/spring-boot-starter-web/1.5.8.RELEASE/spring-boot-starter-web-1.5.8.RELEASE.pom
Download https://repo.maven.apache.org/maven2/org/springframework/boot/spring-boot-starters/1.5.8.RELEASE/spring-boot-starters-1.5.8.RELEASE.pom
Download https://repo.maven.apache.org/maven2/org/springframework/boot/spring-boot-parent/1.5.8.RELEASE/spring-boot-parent-1.5.8.RELEASE.pom
Download https://repo.maven.apache.org/maven2/org/flywaydb/flyway-core/3.2.1/flyway-core-3.2.1.pom
Download https://repo.maven.apache.org/maven2/org/flywaydb/flyway-parent/3.2.1/flyway-parent-3.2.1.pom
Download https://repo.maven.apache.org/maven2/org/springframework/boot/spring-boot-starter/1.5.8.RELEASE/spring-boot-starter-1.5.8.RELEASE.pom
Download https://repo.maven.apache.org/maven2/org/springframework/boot/spring-boot-starter-data-jpa/1.5.8.RELEASE/spring-boot-starter-data-jpa-1.5.8.RELEASE.pom
Download https://repo.maven.apache.org/maven2/org/springframework/cloud/spring-cloud-starter-netflix-eureka-client/1.4.0.RELEASE/spring-cloud-starter-netflix-eureka-client-1.4.0.RELEASE.pom
Download https://repo.maven.apache.org/maven2/org/springframework/cloud/spring-cloud-starter-netflix/1.4.0.RELEASE/spring-cloud-starter-netflix-1.4.0.RELEASE.pom
Download https://repo.maven.apache.org/maven2/org/springframework/boot/spring-boot-starter-tomcat/1.5.8.RELEASE/spring-boot-starter-tomcat-1.5.8.RELEASE.pom
Download https://repo.maven.apache.org/maven2/org/hibernate/hibernate-validator/5.3.5.Final/hibernate-validator-5.3.5.Final.pom
Download https://repo.maven.apache.org/maven2/org/hibernate/hibernate-validator-parent/5.3.5.Final/hibernate-validator-parent-5.3.5.Final.pom
Download https://repo.maven.apache.org/maven2/org/jboss/arquillian/arquillian-bom/1.1.11.Final/arquillian-bom-1.1.11.Final.pom
Download https://repo.maven.apache.org/maven2/org/jboss/shrinkwrap/shrinkwrap-bom/1.2.3/shrinkwrap-bom-1.2.3.pom
Download https://repo.maven.apache.org/maven2/org/jboss/shrinkwrap/resolver/shrinkwrap-resolver-bom/2.2.0/shrinkwrap-resolver-bom-2.2.0.pom
Download https://repo.maven.apache.org/maven2/org/jboss/shrinkwrap/descriptors/shrinkwrap-descriptors-bom/2.0.0-alpha-8/shrinkwrap-descriptors-bom-2.0.0-alpha-8.pom
Download https://repo.maven.apache.org/maven2/org/springframework/spring-web/4.3.12.RELEASE/spring-web-4.3.12.RELEASE.pom
Download https://repo.maven.apache.org/maven2/org/springframework/spring-webmvc/4.3.12.RELEASE/spring-webmvc-4.3.12.RELEASE.pom
Download https://repo.maven.apache.org/maven2/com/fasterxml/jackson/core/jackson-databind/2.8.10/jackson-databind-2.8.10.pom
Download https://repo.maven.apache.org/maven2/org/springframework/boot/spring-boot-starter-aop/1.5.8.RELEASE/spring-boot-starter-aop-1.5.8.RELEASE.pom
Download https://repo.maven.apache.org/maven2/org/springframework/boot/spring-boot-starter-jdbc/1.5.8.RELEASE/spring-boot-starter-jdbc-1.5.8.RELEASE.pom
Download https://repo.maven.apache.org/maven2/org/hibernate/hibernate-entitymanager/5.0.12.Final/hibernate-entitymanager-5.0.12.Final.pom
Download https://repo.maven.apache.org/maven2/javax/transaction/javax.transaction-api/1.2/javax.transaction-api-1.2.pom
Download https://repo.maven.apache.org/maven2/org/springframework/data/spring-data-jpa/1.11.8.RELEASE/spring-data-jpa-1.11.8.RELEASE.pom
Download https://repo.maven.apache.org/maven2/org/springframework/data/build/spring-data-parent/1.9.8.RELEASE/spring-data-parent-1.9.8.RELEASE.pom
Download https://repo.maven.apache.org/maven2/net/java/jvnet-parent/3/jvnet-parent-3.pom
Download https://repo.maven.apache.org/maven2/org/springframework/spring-aspects/4.3.12.RELEASE/spring-aspects-4.3.12.RELEASE.pom
Download https://repo.maven.apache.org/maven2/org/hibernate/hibernate-core/5.0.12.Final/hibernate-core-5.0.12.Final.pom
Download https://repo.maven.apache.org/maven2/org/springframework/boot/spring-boot/1.5.8.RELEASE/spring-boot-1.5.8.RELEASE.pom
Download https://repo.maven.apache.org/maven2/org/springframework/boot/spring-boot-autoconfigure/1.5.8.RELEASE/spring-boot-autoconfigure-1.5.8.RELEASE.pom
Download https://repo.maven.apache.org/maven2/org/yaml/snakeyaml/1.17/snakeyaml-1.17.pom
Download https://repo.maven.apache.org/maven2/org/springframework/spring-core/4.3.12.RELEASE/spring-core-4.3.12.RELEASE.pom
Download https://repo.maven.apache.org/maven2/org/springframework/boot/spring-boot-starter-logging/1.5.8.RELEASE/spring-boot-starter-logging-1.5.8.RELEASE.pom
Download https://repo.maven.apache.org/maven2/org/springframework/cloud/spring-cloud-starter/1.3.0.RELEASE/spring-cloud-starter-1.3.0.RELEASE.pom
Download https://repo.maven.apache.org/maven2/org/springframework/cloud/spring-cloud-netflix-core/1.4.0.RELEASE/spring-cloud-netflix-core-1.4.0.RELEASE.pom
Download https://repo.maven.apache.org/maven2/org/springframework/cloud/spring-cloud-commons-parent/1.3.0.RELEASE/spring-cloud-commons-parent-1.3.0.RELEASE.pom
Download https://repo.maven.apache.org/maven2/com/netflix/eureka/eureka-client/1.7.0/eureka-client-1.7.0.pom
Download https://repo.maven.apache.org/maven2/org/springframework/cloud/spring-cloud-starter-netflix-archaius/1.4.0.RELEASE/spring-cloud-starter-netflix-archaius-1.4.0.RELEASE.pom
Download https://repo.maven.apache.org/maven2/com/netflix/eureka/eureka-core/1.7.0/eureka-core-1.7.0.pom
Download https://repo.maven.apache.org/maven2/org/springframework/cloud/spring-cloud-starter-netflix-ribbon/1.4.0.RELEASE/spring-cloud-starter-netflix-ribbon-1.4.0.RELEASE.pom
Download https://repo.maven.apache.org/maven2/com/netflix/ribbon/ribbon-eureka/2.2.4/ribbon-eureka-2.2.4.pom
Download https://repo.maven.apache.org/maven2/org/springframework/cloud/spring-cloud-netflix-eureka-client/1.4.0.RELEASE/spring-cloud-netflix-eureka-client-1.4.0.RELEASE.pom
Download https://repo.maven.apache.org/maven2/com/thoughtworks/xstream/xstream/1.4.9/xstream-1.4.9.pom
Download https://repo.maven.apache.org/maven2/com/thoughtworks/xstream/xstream-parent/1.4.9/xstream-parent-1.4.9.pom
:compileJava FAILED

FAILURE: Build failed with an exception.

* What went wrong:
Could not resolve all files for configuration ':compileClasspath'.
> Could not resolve org.apache.tomcat.embed:tomcat-embed-core:8.5.23.
  Required by:
      project : > org.springframework.boot:spring-boot-starter-web:1.5.8.RELEASE > org.springframework.boot:spring-boot-starter-tomcat:1.5.8.RELEASE
   > Skipped due to earlier error
> Could not resolve org.apache.tomcat.embed:tomcat-embed-el:8.5.23.
  Required by:
      project : > org.springframework.boot:spring-boot-starter-web:1.5.8.RELEASE > org.springframework.boot:spring-boot-starter-tomcat:1.5.8.RELEASE
   > Skipped due to earlier error
> Could not resolve org.apache.tomcat.embed:tomcat-embed-websocket:8.5.23.
  Required by:
      project : > org.springframework.boot:spring-boot-starter-web:1.5.8.RELEASE > org.springframework.boot:spring-boot-starter-tomcat:1.5.8.RELEASE
   > Skipped due to earlier error
> Could not resolve javax.validation:validation-api:1.1.0.Final.
  Required by:
      project : > org.springframework.boot:spring-boot-starter-web:1.5.8.RELEASE > org.hibernate:hibernate-validator:5.3.5.Final
   > Skipped due to earlier error
> Could not resolve org.jboss.logging:jboss-logging:3.3.1.Final.
  Required by:
      project : > org.springframework.boot:spring-boot-starter-web:1.5.8.RELEASE > org.hibernate:hibernate-validator:5.3.5.Final
      project : > org.springframework.boot:spring-boot-starter-data-jpa:1.5.8.RELEASE > org.hibernate:hibernate-core:5.0.12.Final
      project : > org.springframework.boot:spring-boot-starter-data-jpa:1.5.8.RELEASE > org.hibernate:hibernate-entitymanager:5.0.12.Final
   > Skipped due to earlier error
> Could not resolve com.fasterxml:classmate:1.3.4.
  Required by:
      project : > org.springframework.boot:spring-boot-starter-web:1.5.8.RELEASE > org.hibernate:hibernate-validator:5.3.5.Final
   > Skipped due to earlier error
> Could not resolve com.fasterxml.jackson.core:jackson-annotations:2.8.0.
  Required by:
      project : > org.springframework.boot:spring-boot-starter-web:1.5.8.RELEASE > com.fasterxml.jackson.core:jackson-databind:2.8.10
      project : > org.springframework.cloud:spring-cloud-starter-eureka:1.4.0.RELEASE > org.springframework.cloud:spring-cloud-starter-netflix-eureka-client:1.4.0.RELEASE > org.springframework.cloud:spring-cloud-starter-netflix-archaius:1.4.0.RELEASE
   > Skipped due to earlier error
> Could not resolve com.fasterxml.jackson.core:jackson-core:2.8.10.
  Required by:
      project : > org.springframework.boot:spring-boot-starter-web:1.5.8.RELEASE > com.fasterxml.jackson.core:jackson-databind:2.8.10
      project : > org.springframework.cloud:spring-cloud-starter-eureka:1.4.0.RELEASE > org.springframework.cloud:spring-cloud-starter-netflix-eureka-client:1.4.0.RELEASE > org.springframework.cloud:spring-cloud-starter-netflix-archaius:1.4.0.RELEASE
   > Skipped due to earlier error
> Could not resolve org.springframework:spring-aop:4.3.12.RELEASE.
  Required by:
      project : > org.springframework.boot:spring-boot-starter-web:1.5.8.RELEASE > org.springframework:spring-web:4.3.12.RELEASE
      project : > org.springframework.boot:spring-boot-starter-web:1.5.8.RELEASE > org.springframework:spring-webmvc:4.3.12.RELEASE
      project : > org.springframework.boot:spring-boot-starter-data-jpa:1.5.8.RELEASE > org.springframework.boot:spring-boot-starter-aop:1.5.8.RELEASE
      project : > org.springframework.boot:spring-boot-starter-data-jpa:1.5.8.RELEASE > org.springframework.data:spring-data-jpa:1.11.8.RELEASE
   > Skipped due to earlier error
> Could not resolve org.springframework:spring-beans:4.3.12.RELEASE.
  Required by:
      project : > org.springframework.boot:spring-boot-starter-web:1.5.8.RELEASE > org.springframework:spring-web:4.3.12.RELEASE
      project : > org.springframework.boot:spring-boot-starter-web:1.5.8.RELEASE > org.springframework:spring-webmvc:4.3.12.RELEASE
      project : > org.springframework.boot:spring-boot-starter-data-jpa:1.5.8.RELEASE > org.springframework.data:spring-data-jpa:1.11.8.RELEASE
   > Skipped due to earlier error
> Could not resolve org.springframework:spring-context:4.3.12.RELEASE.
  Required by:
      project : > org.springframework.boot:spring-boot-starter-web:1.5.8.RELEASE > org.springframework:spring-web:4.3.12.RELEASE
      project : > org.springframework.boot:spring-boot-starter-web:1.5.8.RELEASE > org.springframework:spring-webmvc:4.3.12.RELEASE
      project : > org.springframework.boot:spring-boot-starter-data-jpa:1.5.8.RELEASE > org.springframework.data:spring-data-jpa:1.11.8.RELEASE
      project : > org.springframework.boot:spring-boot-starter:1.5.8.RELEASE > org.springframework.boot:spring-boot:1.5.8.RELEASE
   > Skipped due to earlier error
> Could not resolve org.springframework:spring-expression:4.3.12.RELEASE.
  Required by:
      project : > org.springframework.boot:spring-boot-starter-web:1.5.8.RELEASE > org.springframework:spring-webmvc:4.3.12.RELEASE
   > Skipped due to earlier error
> Could not resolve org.aspectj:aspectjweaver:1.8.11.
  Required by:
      project : > org.springframework.boot:spring-boot-starter-data-jpa:1.5.8.RELEASE > org.springframework.boot:spring-boot-starter-aop:1.5.8.RELEASE
   > Skipped due to earlier error
> Could not resolve org.apache.tomcat:tomcat-jdbc:8.5.23.
  Required by:
      project : > org.springframework.boot:spring-boot-starter-data-jpa:1.5.8.RELEASE > org.springframework.boot:spring-boot-starter-jdbc:1.5.8.RELEASE
   > Skipped due to earlier error
> Could not resolve org.springframework:spring-jdbc:4.3.12.RELEASE.
  Required by:
      project : > org.springframework.boot:spring-boot-starter-data-jpa:1.5.8.RELEASE > org.springframework.boot:spring-boot-starter-jdbc:1.5.8.RELEASE
   > Skipped due to earlier error
> Could not resolve org.hibernate.javax.persistence:hibernate-jpa-2.1-api:1.0.0.Final.
  Required by:
      project : > org.springframework.boot:spring-boot-starter-data-jpa:1.5.8.RELEASE > org.hibernate:hibernate-core:5.0.12.Final
      project : > org.springframework.boot:spring-boot-starter-data-jpa:1.5.8.RELEASE > org.hibernate:hibernate-entitymanager:5.0.12.Final
   > Skipped due to earlier error
> Could not resolve org.javassist:javassist:3.21.0-GA.
  Required by:
      project : > org.springframework.boot:spring-boot-starter-data-jpa:1.5.8.RELEASE > org.hibernate:hibernate-core:5.0.12.Final
      project : > org.springframework.boot:spring-boot-starter-data-jpa:1.5.8.RELEASE > org.hibernate:hibernate-entitymanager:5.0.12.Final
   > Skipped due to earlier error
> Could not resolve antlr:antlr:2.7.7.
  Required by:
      project : > org.springframework.boot:spring-boot-starter-data-jpa:1.5.8.RELEASE > org.hibernate:hibernate-core:5.0.12.Final
   > Skipped due to earlier error
> Could not resolve org.jboss:jandex:2.0.0.Final.
  Required by:
      project : > org.springframework.boot:spring-boot-starter-data-jpa:1.5.8.RELEASE > org.hibernate:hibernate-core:5.0.12.Final
   > Skipped due to earlier error
> Could not resolve dom4j:dom4j:1.6.1.
  Required by:
      project : > org.springframework.boot:spring-boot-starter-data-jpa:1.5.8.RELEASE > org.hibernate:hibernate-core:5.0.12.Final
      project : > org.springframework.boot:spring-boot-starter-data-jpa:1.5.8.RELEASE > org.hibernate:hibernate-entitymanager:5.0.12.Final
   > Skipped due to earlier error
> Could not resolve org.hibernate.common:hibernate-commons-annotations:5.0.1.Final.
  Required by:
      project : > org.springframework.boot:spring-boot-starter-data-jpa:1.5.8.RELEASE > org.hibernate:hibernate-core:5.0.12.Final
      project : > org.springframework.boot:spring-boot-starter-data-jpa:1.5.8.RELEASE > org.hibernate:hibernate-entitymanager:5.0.12.Final
   > Skipped due to earlier error
> Could not resolve org.springframework.data:spring-data-commons:1.13.8.RELEASE.
  Required by:
      project : > org.springframework.boot:spring-boot-starter-data-jpa:1.5.8.RELEASE > org.springframework.data:spring-data-jpa:1.11.8.RELEASE
   > Skipped due to earlier error
> Could not resolve org.springframework:spring-orm:4.3.12.RELEASE.
  Required by:
      project : > org.springframework.boot:spring-boot-starter-data-jpa:1.5.8.RELEASE > org.springframework.data:spring-data-jpa:1.11.8.RELEASE
   > Skipped due to earlier error
> Could not resolve org.springframework:spring-tx:4.3.12.RELEASE.
  Required by:
      project : > org.springframework.boot:spring-boot-starter-data-jpa:1.5.8.RELEASE > org.springframework.data:spring-data-jpa:1.11.8.RELEASE
   > Skipped due to earlier error
> Could not resolve org.slf4j:slf4j-api:1.7.25.
  Required by:
      project : > org.springframework.boot:spring-boot-starter-data-jpa:1.5.8.RELEASE > org.springframework.data:spring-data-jpa:1.11.8.RELEASE
   > Skipped due to earlier error
> Could not resolve org.slf4j:jcl-over-slf4j:1.7.25.
  Required by:
      project : > org.springframework.boot:spring-boot-starter-data-jpa:1.5.8.RELEASE > org.springframework.data:spring-data-jpa:1.11.8.RELEASE
      project : > org.springframework.boot:spring-boot-starter:1.5.8.RELEASE > org.springframework.boot:spring-boot-starter-logging:1.5.8.RELEASE
   > Skipped due to earlier error
> Could not resolve org.aspectj:aspectjweaver:1.8.11.
  Required by:
      project : > org.springframework.boot:spring-boot-starter-data-jpa:1.5.8.RELEASE > org.springframework:spring-aspects:4.3.12.RELEASE
   > Skipped due to earlier error
> Could not resolve ch.qos.logback:logback-classic:1.1.11.
  Required by:
      project : > org.springframework.boot:spring-boot-starter:1.5.8.RELEASE > org.springframework.boot:spring-boot-starter-logging:1.5.8.RELEASE
   > Skipped due to earlier error
> Could not resolve org.slf4j:jul-to-slf4j:1.7.25.
  Required by:
      project : > org.springframework.boot:spring-boot-starter:1.5.8.RELEASE > org.springframework.boot:spring-boot-starter-logging:1.5.8.RELEASE
   > Skipped due to earlier error
> Could not resolve org.slf4j:log4j-over-slf4j:1.7.25.
  Required by:
      project : > org.springframework.boot:spring-boot-starter:1.5.8.RELEASE > org.springframework.boot:spring-boot-starter-logging:1.5.8.RELEASE
   > Skipped due to earlier error
> Could not resolve org.springframework.cloud:spring-cloud-context:1.3.0.RELEASE.
  Required by:
      project : > org.springframework.cloud:spring-cloud-starter-eureka:1.4.0.RELEASE > org.springframework.cloud:spring-cloud-starter-netflix-eureka-client:1.4.0.RELEASE > org.springframework.cloud:spring-cloud-starter:1.3.0.RELEASE
   > Skipped due to earlier error
> Could not resolve org.springframework.cloud:spring-cloud-commons:1.3.0.RELEASE.
  Required by:
      project : > org.springframework.cloud:spring-cloud-starter-eureka:1.4.0.RELEASE > org.springframework.cloud:spring-cloud-starter-netflix-eureka-client:1.4.0.RELEASE > org.springframework.cloud:spring-cloud-starter:1.3.0.RELEASE
   > Skipped due to earlier error
> Could not resolve org.springframework.security:spring-security-rsa:1.0.3.RELEASE.
  Required by:
      project : > org.springframework.cloud:spring-cloud-starter-eureka:1.4.0.RELEASE > org.springframework.cloud:spring-cloud-starter-netflix-eureka-client:1.4.0.RELEASE > org.springframework.cloud:spring-cloud-starter:1.3.0.RELEASE
   > Skipped due to earlier error
> Could not resolve org.codehaus.jettison:jettison:1.3.7.
  Required by:
      project : > org.springframework.cloud:spring-cloud-starter-eureka:1.4.0.RELEASE > org.springframework.cloud:spring-cloud-starter-netflix-eureka-client:1.4.0.RELEASE > com.netflix.eureka:eureka-client:1.7.0
   > Skipped due to earlier error
> Could not resolve com.netflix.netflix-commons:netflix-eventbus:0.3.0.
  Required by:
      project : > org.springframework.cloud:spring-cloud-starter-eureka:1.4.0.RELEASE > org.springframework.cloud:spring-cloud-starter-netflix-eureka-client:1.4.0.RELEASE > com.netflix.eureka:eureka-client:1.7.0
   > Skipped due to earlier error
> Could not resolve com.netflix.archaius:archaius-core:0.7.4.
  Required by:
      project : > org.springframework.cloud:spring-cloud-starter-eureka:1.4.0.RELEASE > org.springframework.cloud:spring-cloud-starter-netflix-eureka-client:1.4.0.RELEASE > com.netflix.eureka:eureka-client:1.7.0
   > Skipped due to earlier error
> Could not resolve javax.ws.rs:jsr311-api:1.1.1.
  Required by:
      project : > org.springframework.cloud:spring-cloud-starter-eureka:1.4.0.RELEASE > org.springframework.cloud:spring-cloud-starter-netflix-eureka-client:1.4.0.RELEASE > com.netflix.eureka:eureka-client:1.7.0
      project : > org.springframework.cloud:spring-cloud-starter-eureka:1.4.0.RELEASE > org.springframework.cloud:spring-cloud-starter-netflix-eureka-client:1.4.0.RELEASE > com.netflix.eureka:eureka-core:1.7.0
   > Skipped due to earlier error
> Could not resolve com.netflix.servo:servo-core:0.10.1.
  Required by:
      project : > org.springframework.cloud:spring-cloud-starter-eureka:1.4.0.RELEASE > org.springframework.cloud:spring-cloud-starter-netflix-eureka-client:1.4.0.RELEASE > com.netflix.eureka:eureka-client:1.7.0
   > Skipped due to earlier error
> Could not resolve com.sun.jersey:jersey-core:1.19.1.
  Required by:
      project : > org.springframework.cloud:spring-cloud-starter-eureka:1.4.0.RELEASE > org.springframework.cloud:spring-cloud-starter-netflix-eureka-client:1.4.0.RELEASE > com.netflix.eureka:eureka-client:1.7.0
   > Skipped due to earlier error
> Could not resolve com.sun.jersey:jersey-client:1.19.1.
  Required by:
      project : > org.springframework.cloud:spring-cloud-starter-eureka:1.4.0.RELEASE > org.springframework.cloud:spring-cloud-starter-netflix-eureka-client:1.4.0.RELEASE > com.netflix.eureka:eureka-client:1.7.0
   > Skipped due to earlier error
> Could not resolve com.sun.jersey.contribs:jersey-apache-client4:1.19.1.
  Required by:
      project : > org.springframework.cloud:spring-cloud-starter-eureka:1.4.0.RELEASE > org.springframework.cloud:spring-cloud-starter-netflix-eureka-client:1.4.0.RELEASE > com.netflix.eureka:eureka-client:1.7.0
   > Skipped due to earlier error
> Could not resolve org.apache.httpcomponents:httpclient:4.5.3.
  Required by:
      project : > org.springframework.cloud:spring-cloud-starter-eureka:1.4.0.RELEASE > org.springframework.cloud:spring-cloud-starter-netflix-eureka-client:1.4.0.RELEASE > com.netflix.eureka:eureka-client:1.7.0
   > Skipped due to earlier error
> Could not resolve com.google.inject:guice:4.1.0.
  Required by:
      project : > org.springframework.cloud:spring-cloud-starter-eureka:1.4.0.RELEASE > org.springframework.cloud:spring-cloud-starter-netflix-eureka-client:1.4.0.RELEASE > com.netflix.eureka:eureka-client:1.7.0
   > Skipped due to earlier error
> Could not resolve com.fasterxml.jackson.core:jackson-annotations:2.8.0.
  Required by:
      project : > org.springframework.cloud:spring-cloud-starter-eureka:1.4.0.RELEASE > org.springframework.cloud:spring-cloud-starter-netflix-eureka-client:1.4.0.RELEASE > com.netflix.eureka:eureka-client:1.7.0
   > Skipped due to earlier error
> Could not resolve com.fasterxml.jackson.core:jackson-core:2.8.10.
  Required by:
      project : > org.springframework.cloud:spring-cloud-starter-eureka:1.4.0.RELEASE > org.springframework.cloud:spring-cloud-starter-netflix-eureka-client:1.4.0.RELEASE > com.netflix.eureka:eureka-client:1.7.0
   > Skipped due to earlier error
> Could not resolve org.codehaus.woodstox:woodstox-core-asl:4.4.1.
  Required by:
      project : > org.springframework.cloud:spring-cloud-starter-eureka:1.4.0.RELEASE > org.springframework.cloud:spring-cloud-starter-netflix-eureka-client:1.4.0.RELEASE > com.netflix.eureka:eureka-core:1.7.0
   > Skipped due to earlier error
> Could not resolve com.netflix.archaius:archaius-core:0.7.4.
  Required by:
      project : > org.springframework.cloud:spring-cloud-starter-eureka:1.4.0.RELEASE > org.springframework.cloud:spring-cloud-starter-netflix-eureka-client:1.4.0.RELEASE > org.springframework.cloud:spring-cloud-starter-netflix-archaius:1.4.0.RELEASE
      project : > org.springframework.cloud:spring-cloud-starter-eureka:1.4.0.RELEASE > org.springframework.cloud:spring-cloud-starter-netflix-eureka-client:1.4.0.RELEASE > com.netflix.ribbon:ribbon-eureka:2.2.4
   > Skipped due to earlier error
> Could not resolve commons-configuration:commons-configuration:1.8.
  Required by:
      project : > org.springframework.cloud:spring-cloud-starter-eureka:1.4.0.RELEASE > org.springframework.cloud:spring-cloud-starter-netflix-eureka-client:1.4.0.RELEASE > org.springframework.cloud:spring-cloud-starter-netflix-archaius:1.4.0.RELEASE
   > Skipped due to earlier error
> Could not resolve com.google.guava:guava:18.0.
  Required by:
      project : > org.springframework.cloud:spring-cloud-starter-eureka:1.4.0.RELEASE > org.springframework.cloud:spring-cloud-starter-netflix-eureka-client:1.4.0.RELEASE > org.springframework.cloud:spring-cloud-starter-netflix-archaius:1.4.0.RELEASE
   > Skipped due to earlier error
> Could not resolve com.netflix.ribbon:ribbon:2.2.4.
  Required by:
      project : > org.springframework.cloud:spring-cloud-starter-eureka:1.4.0.RELEASE > org.springframework.cloud:spring-cloud-starter-netflix-eureka-client:1.4.0.RELEASE > org.springframework.cloud:spring-cloud-starter-netflix-ribbon:1.4.0.RELEASE
   > Skipped due to earlier error
> Could not resolve com.netflix.ribbon:ribbon-core:2.2.4.
  Required by:
      project : > org.springframework.cloud:spring-cloud-starter-eureka:1.4.0.RELEASE > org.springframework.cloud:spring-cloud-starter-netflix-eureka-client:1.4.0.RELEASE > org.springframework.cloud:spring-cloud-starter-netflix-ribbon:1.4.0.RELEASE
      project : > org.springframework.cloud:spring-cloud-starter-eureka:1.4.0.RELEASE > org.springframework.cloud:spring-cloud-starter-netflix-eureka-client:1.4.0.RELEASE > com.netflix.ribbon:ribbon-eureka:2.2.4
   > Skipped due to earlier error
> Could not resolve com.netflix.ribbon:ribbon-httpclient:2.2.4.
  Required by:
      project : > org.springframework.cloud:spring-cloud-starter-eureka:1.4.0.RELEASE > org.springframework.cloud:spring-cloud-starter-netflix-eureka-client:1.4.0.RELEASE > org.springframework.cloud:spring-cloud-starter-netflix-ribbon:1.4.0.RELEASE
   > Skipped due to earlier error
> Could not resolve com.netflix.ribbon:ribbon-loadbalancer:2.2.4.
  Required by:
      project : > org.springframework.cloud:spring-cloud-starter-eureka:1.4.0.RELEASE > org.springframework.cloud:spring-cloud-starter-netflix-eureka-client:1.4.0.RELEASE > org.springframework.cloud:spring-cloud-starter-netflix-ribbon:1.4.0.RELEASE
      project : > org.springframework.cloud:spring-cloud-starter-eureka:1.4.0.RELEASE > org.springframework.cloud:spring-cloud-starter-netflix-eureka-client:1.4.0.RELEASE > com.netflix.ribbon:ribbon-eureka:2.2.4
   > Skipped due to earlier error
> Could not resolve io.reactivex:rxjava:1.2.0.
  Required by:
      project : > org.springframework.cloud:spring-cloud-starter-eureka:1.4.0.RELEASE > org.springframework.cloud:spring-cloud-starter-netflix-eureka-client:1.4.0.RELEASE > org.springframework.cloud:spring-cloud-starter-netflix-ribbon:1.4.0.RELEASE
   > Skipped due to earlier error
> Could not resolve org.slf4j:slf4j-api:1.7.25.
  Required by:
      project : > org.springframework.cloud:spring-cloud-starter-eureka:1.4.0.RELEASE > org.springframework.cloud:spring-cloud-starter-netflix-eureka-client:1.4.0.RELEASE > com.netflix.ribbon:ribbon-eureka:2.2.4
   > Skipped due to earlier error
> Could not resolve xmlpull:xmlpull:1.1.3.1.
  Required by:
      project : > org.springframework.cloud:spring-cloud-starter-eureka:1.4.0.RELEASE > org.springframework.cloud:spring-cloud-starter-netflix-eureka-client:1.4.0.RELEASE > com.thoughtworks.xstream:xstream:1.4.9
   > Skipped due to earlier error
> Could not resolve xpp3:xpp3_min:1.1.4c.
  Required by:
      project : > org.springframework.cloud:spring-cloud-starter-eureka:1.4.0.RELEASE > org.springframework.cloud:spring-cloud-starter-netflix-eureka-client:1.4.0.RELEASE > com.thoughtworks.xstream:xstream:1.4.9
   > Skipped due to earlier error

* Try:
Run with --stacktrace option to get the stack trace. Run with --info or --debug option to get more log output. Run with --scan to get full insights.

* Get more help at https://help.gradle.org

BUILD FAILED in 2m 18s
1 actionable task: 1 executed
20:37:46.542 [DEBUG] [org.gradle.launcher.daemon.server.exec.ExecuteBuild] The daemon has finished executing the build.
20:37:46.567 [DEBUG] [org.gradle.launcher.daemon.server.DaemonStateCoordinator] daemon is running. Sleeping until state changes.
20:37:46.574 [DEBUG] [org.gradle.launcher.daemon.server.DaemonStateCoordinator] Command execution: finished waiting for DaemonCommandExecution[command = Build{id=eb5f869e-c22a-4096-b9ab-7cdf975420bb.1, currentDir=/users-api}, connection = DefaultDaemonConnection: socket connection from /127.0.0.1:46195 to /127.0.0.1:43878]. Result org.gradle.launcher.daemon.server.DaemonStateCoordinator@60787c7f with state Busy
20:37:46.580 [DEBUG] [org.gradle.launcher.daemon.server.DaemonStateCoordinator] Command execution: completed DaemonCommandExecution[command = Build{id=eb5f869e-c22a-4096-b9ab-7cdf975420bb.1, currentDir=/users-api}, connection = DefaultDaemonConnection: socket connection from /127.0.0.1:46195 to /127.0.0.1:43878]
20:37:46.591 [DEBUG] [org.gradle.launcher.daemon.server.DaemonStateCoordinator] resetting idle timer
20:37:46.598 [INFO] [org.gradle.launcher.daemon.server.DaemonRegistryUpdater] Marking the daemon as idle, address: [33322456-e645-4573-91ba-3304bf079a0a port:46195, addresses:[/127.0.0.1]]
20:37:46.604 [DEBUG] [org.gradle.launcher.daemon.registry.PersistentDaemonRegistry] Marking busy by address: [33322456-e645-4573-91ba-3304bf079a0a port:46195, addresses:[/127.0.0.1]]
20:37:46.614 [DEBUG] [org.gradle.cache.internal.DefaultFileLockManager] Waiting to acquire exclusive lock on daemon addresses registry.
20:37:46.619 [DEBUG] [org.gradle.cache.internal.DefaultFileLockManager] Lock acquired on daemon addresses registry.
20:37:46.628 [DEBUG] [org.gradle.cache.internal.DefaultFileLockManager] Releasing lock on daemon addresses registry.
20:37:46.632 [DEBUG] [org.gradle.launcher.daemon.server.DaemonStateCoordinator] daemon is running. Sleeping until state changes.
20:37:46.637 [DEBUG] [org.gradle.launcher.daemon.server.exec.ReturnResult] Daemon is dispatching the build result: Failure[value=org.gradle.initialization.ReportedException: org.gradle.internal.exceptions.LocationAwareException: Could not resolve all files for configuration ':compileClasspath'.]
20:37:46.679 [DEBUG] [org.gradle.launcher.daemon.server.SynchronizedDispatchConnection] thread 13: dispatching class org.gradle.launcher.daemon.protocol.Failure
20:37:46.734 [DEBUG] [org.gradle.launcher.daemon.server.DefaultIncomingConnectionHandler] Finishing executing command: Build{id=eb5f869e-c22a-4096-b9ab-7cdf975420bb.1, currentDir=/users-api}
20:37:46.840 [DEBUG] [org.gradle.launcher.daemon.server.SynchronizedDispatchConnection] thread 14: received class org.gradle.launcher.daemon.protocol.Finished
20:37:46.844 [DEBUG] [org.gradle.launcher.daemon.server.DefaultDaemonConnection] thread 14: Received non-IO message from client: org.gradle.launcher.daemon.protocol.Finished@16e5b41b
20:37:46.848 [DEBUG] [org.gradle.launcher.daemon.server.DefaultIncomingConnectionHandler] Received finished message: org.gradle.launcher.daemon.protocol.Finished@16e5b41b
20:37:46.851 [DEBUG] [org.gradle.launcher.daemon.server.SynchronizedDispatchConnection] thread 13: stopping connection
20:37:46.857 [DEBUG] [org.gradle.internal.remote.internal.inet.SocketConnection] Discarding EOFException: java.io.EOFException
20:37:46.860 [DEBUG] [org.gradle.launcher.daemon.server.SynchronizedDispatchConnection] thread 14: received null
20:37:46.865 [DEBUG] [org.gradle.launcher.daemon.server.DefaultDaemonConnection] thread 14: Received end-of-input from client.
20:37:46.870 [DEBUG] [org.gradle.launcher.daemon.server.SynchronizedDispatchConnection] thread 13: stopping connection
